<?xml version="1.0" encoding="UTF-8"?>
<!-- Generated by org.testng.reporters.JUnitXMLReporter -->
<testsuite hostname="PNGD1263" ignored="0" tests="3" failures="0" timestamp="08 Jan 2019 13:27:56 GMT" time="159.366" errors="0">
  <testcase name="shouldBeAbleToSearchForHotels" time="74.554" classname="HotelBookingTest"/>
  <testcase name="testThatResultsAppearForAOneWayJourney" time="51.964" classname="FlightBookingTest"/>
  <testcase name="shouldThrowAnErrorIfSignInDetailsAreMissing" time="32.826" classname="SignInTest"/>
</testsuite>
